2024-07-06 01:59:58,285 - INFO - server start round 1
2024-07-06 02:06:01,578 - INFO - server start round 1
2024-07-06 02:06:16,779 - INFO - Start training round 1 ...
2024-07-06 02:07:54,810 - INFO - server end round 1
2024-07-06 02:07:54,812 - INFO - start aggregate ...
2024-07-06 02:07:54,939 - INFO - end aggregate!
2024-07-06 02:08:04,943 - INFO - server start round 2
2024-07-06 02:08:20,875 - INFO - Start training round 2 ...
2024-07-06 02:10:01,171 - INFO - server end round 2
2024-07-06 02:10:01,174 - INFO - start aggregate ...
2024-07-06 02:10:01,301 - INFO - end aggregate!
2024-07-06 02:10:11,302 - INFO - server start round 3
2024-07-06 02:10:29,076 - INFO - Start training round 3 ...
2024-07-06 02:12:36,995 - INFO - server end round 3
2024-07-06 02:12:36,997 - INFO - start aggregate ...
2024-07-06 02:12:37,122 - INFO - end aggregate!
2024-07-06 02:12:37,123 - INFO - Stop all!
2024-07-06 11:27:30,566 - INFO - server start round 1
2024-07-06 11:28:25,823 - INFO - Start training round 1 ...
2024-07-06 11:30:48,072 - INFO - server end round 1
2024-07-06 11:30:48,074 - INFO - start aggregate ...
2024-07-06 11:30:48,216 - INFO - end aggregate!
2024-07-06 11:30:58,217 - INFO - server start round 2
2024-07-06 11:31:10,774 - INFO - Start training round 2 ...
2024-07-06 11:32:56,565 - INFO - server end round 2
2024-07-06 11:32:56,569 - INFO - start aggregate ...
2024-07-06 11:32:56,913 - INFO - end aggregate!
2024-07-06 11:33:06,914 - INFO - server start round 3
2024-07-06 11:33:24,785 - INFO - Start training round 3 ...
2024-07-06 11:35:11,537 - INFO - server end round 3
2024-07-06 11:35:11,538 - INFO - start aggregate ...
2024-07-06 11:35:11,666 - INFO - end aggregate!
2024-07-06 11:35:11,667 - INFO - Stop all!
2024-07-06 14:09:27,457 - INFO - server start round 1
2024-07-06 14:09:40,156 - INFO - Start training round 1 ...
2024-07-06 14:11:14,711 - INFO - server end round 1
2024-07-06 14:11:14,711 - INFO - start aggregate ...
2024-07-06 14:11:14,833 - INFO - end aggregate!
2024-07-06 14:11:24,837 - INFO - server start round 2
2024-07-06 14:11:35,871 - INFO - Start training round 2 ...
2024-07-06 14:13:29,417 - INFO - server end round 2
2024-07-06 14:13:29,418 - INFO - start aggregate ...
2024-07-06 14:13:29,539 - INFO - end aggregate!
2024-07-06 14:13:39,540 - INFO - server start round 3
2024-07-06 14:13:50,492 - INFO - Start training round 3 ...
2024-07-06 14:15:39,950 - INFO - server end round 3
2024-07-06 14:15:39,952 - INFO - start aggregate ...
2024-07-06 14:15:40,077 - INFO - end aggregate!
2024-07-06 14:15:40,078 - INFO - Stop all!
